[2025-05-05T16:33:09.264Z] POST /api/login 200
[2025-05-05T16:33:13.279Z] GET /user_get_mail 304
[2025-05-05T16:33:13.285Z] GET /user_get_mail 304
[2025-05-05T16:33:13.417Z] GET /user_get_mail 304
[2025-05-05T16:33:13.423Z] GET /user_get_mail 304
[2025-05-05T16:33:21.342Z] POST /api/login 200
[2025-05-05T16:33:22.644Z] GET /stats 304
[2025-05-05T16:33:22.997Z] GET /stats 304
[2025-05-05T16:33:57.944Z] POST /api/managers 400
[2025-05-05T16:33:58.256Z] POST /api/managers 201
[2025-05-05T16:34:40.613Z] POST /api/manager-login 200
[2025-05-05T16:34:40.648Z] GET /get_all_bookings 404
[2025-05-05T16:34:40.653Z] GET /get_all_bookings 404
[2025-05-05T16:34:41.149Z] GET /stats 304
[2025-05-05T16:34:41.611Z] GET /stats 304
[2025-05-05T17:43:50.531Z] POST /api/login 200
[2025-05-05T17:44:03.536Z] GET /api/deals 200
[2025-05-05T17:44:03.604Z] GET /api/deals 304
[2025-05-05T17:44:07.602Z] GET /api/events 304
[2025-05-05T17:44:07.694Z] GET /api/events 304
[2025-05-05T17:44:14.034Z] GET /user_get_mail 304
[2025-05-05T17:44:14.121Z] GET /user_get_mail 304
[2025-05-05T17:45:36.427Z] POST /api/login 200
[2025-05-05T17:45:42.507Z] GET /api/deals 304
[2025-05-05T17:45:42.539Z] GET /api/deals 304
[2025-05-05T17:45:48.206Z] GET /api/events 304
[2025-05-05T17:45:48.242Z] GET /api/events 304
[2025-05-05T17:47:39.247Z] GET /api/deals 304
[2025-05-05T17:47:39.276Z] GET /api/deals 304
[2025-05-05T17:48:23.983Z] GET /user_get_mail 304
[2025-05-05T17:48:24.011Z] GET /user_get_mail 304
[2025-05-05T17:51:30.657Z] GET /api/hotels 304
[2025-05-05T17:51:30.748Z] GET /api/hotels 304
[2025-05-05T17:51:32.717Z] GET /api/hotels/681738c0ee418a55ba04ca0d 304
[2025-05-05T17:51:32.822Z] GET /api/hotels/681738c0ee418a55ba04ca0d 304
[2025-05-05T17:51:34.400Z] GET /api/hotels 304
[2025-05-05T17:51:34.684Z] GET /api/hotels 304
[2025-05-05T17:51:36.357Z] GET /api/hotels/68171b3734b9f3c0b5a4d4bb 304
[2025-05-05T17:51:36.425Z] GET /api/hotels/68171b3734b9f3c0b5a4d4bb 304
[2025-05-05T17:51:37.825Z] GET /api/hotels 304
[2025-05-05T17:51:37.946Z] GET /api/hotels 304
[2025-05-05T17:51:40.209Z] GET /api/hotels/68171b3734b9f3c0b5a4d4bb 304
[2025-05-05T17:51:40.256Z] GET /api/hotels/68171b3734b9f3c0b5a4d4bb 304
[2025-05-05T17:51:42.739Z] GET /api/hotels 304
[2025-05-05T17:51:42.796Z] GET /api/hotels 304
[2025-05-05T17:51:43.678Z] GET /api/hotels/681738c0ee418a55ba04ca0d 304
[2025-05-05T17:51:43.711Z] GET /api/hotels/681738c0ee418a55ba04ca0d 304
[2025-05-05T17:51:45.153Z] GET /api/hotels 304
[2025-05-05T17:51:45.255Z] GET /api/hotels 304
[2025-05-05T17:51:54.886Z] GET /user_get_mail 304
[2025-05-05T17:51:54.890Z] GET /user_get_mail 304
[2025-05-05T17:51:54.948Z] GET /user_get_mail 304
[2025-05-05T17:51:54.951Z] GET /user_get_mail 304
[2025-05-05T17:52:27.735Z] GET /user_get_mail 304
[2025-05-05T17:52:27.738Z] GET /user_get_mail 304
[2025-05-05T17:52:27.793Z] GET /user_get_mail 304
[2025-05-05T17:52:27.796Z] GET /user_get_mail 304
[2025-05-05T17:53:02.218Z] POST /api/signup 201
[2025-05-05T17:53:07.068Z] POST /api/login 200
[2025-05-05T17:53:39.344Z] POST /api/login 200
[2025-05-05T17:54:12.330Z] POST /api/login 200
[2025-05-05T17:54:13.397Z] GET /stats 200
[2025-05-05T17:54:13.735Z] GET /stats 304
[2025-05-05T17:54:17.925Z] GET /api/a/shops 304
[2025-05-05T17:54:17.984Z] GET /api/a/shops 304
[2025-05-05T17:54:22.085Z] GET /stats 304
[2025-05-05T17:54:22.304Z] GET /stats 304
[2025-05-05T17:54:52.388Z] GET /stats 304
[2025-05-05T17:54:52.623Z] GET /stats 304
[2025-05-05T17:54:58.995Z] GET /stats 304
[2025-05-05T17:54:59.140Z] GET /stats 304
[2025-05-05T17:56:34.808Z] POST /api/login 200
[2025-05-05T17:56:36.748Z] GET /api/a/shops 304
[2025-05-05T17:56:36.818Z] GET /api/a/shops 304
[2025-05-05T17:56:46.365Z] GET /user_get_mail 304
[2025-05-05T17:56:46.395Z] GET /user_get_mail 304
[2025-05-05T17:57:56.290Z] POST /api/manager-login 200
[2025-05-05T17:57:56.307Z] GET /get_all_bookings 404
[2025-05-05T17:57:56.313Z] GET /get_all_bookings 404
[2025-05-05T17:58:30.505Z] GET /get_all_bookings 404
[2025-05-05T17:58:30.509Z] GET /get_all_bookings 404
[2025-05-05T17:58:37.239Z] GET /get_all_bookings 404
[2025-05-05T17:58:37.242Z] GET /get_all_bookings 404
[2025-05-05T17:59:16.952Z] GET /get_all_bookings 404
[2025-05-05T17:59:16.955Z] GET /get_all_bookings 404
[2025-05-05T17:59:40.665Z] POST /api/login 401
[2025-05-05T17:59:51.437Z] POST /api/login 200
